mode: set
github.com/bapt2/awesome-api/main.go:13.13,15.44 2 0
github.com/bapt2/awesome-api/main.go:18.3,21.58 2 0
github.com/bapt2/awesome-api/main.go:15.44,17.4 1 0
github.com/bapt2/awesome-api/main.go:24.32,32.2 3 0
github.com/bapt2/awesome-api/main.go:34.65,42.2 2 0
github.com/bapt2/awesome-api/main.go:44.59,52.26 4 1
github.com/bapt2/awesome-api/main.go:62.3,62.17 1 1
github.com/bapt2/awesome-api/main.go:68.3,71.57 2 1
github.com/bapt2/awesome-api/main.go:53.13,55.22 1 0
github.com/bapt2/awesome-api/main.go:56.14,58.28 1 1
github.com/bapt2/awesome-api/main.go:62.17,65.4 2 0
